<?xml version="1.0" encoding="UTF-8"?>
<testsuite xmlns:xsi="http://www.w3.org/2001/XMLSchema-instance" xsi:schemaLocation="https://maven.apache.org/surefire/maven-surefire-plugin/xsd/surefire-test-report.xsd" name="com.bs.proteo.microservices.mx.microarqtest.MicroArqTestControllerTest" time="1.949" tests="1" errors="0" skipped="0" failures="0">
  <properties>
    <property name="java.runtime.name" value="Java(TM) SE Runtime Environment"/>
    <property name="sun.boot.library.path" value="C:\Eclipse Sabadell\eclipse\jdk1.8.0_60\jre\bin"/>
    <property name="java.vm.version" value="25.60-b23"/>
    <property name="user.country.format" value="MX"/>
    <property name="java.vm.vendor" value="Oracle Corporation"/>
    <property name="maven.multiModuleProjectDirectory" value="C:\GFT\TestArq\MicroTest1\microarqtest"/>
    <property name="java.vendor.url" value="http://java.oracle.com/"/>
    <property name="path.separator" value=";"/>
    <property name="guice.disable.misplaced.annotation.check" value="true"/>
    <property name="java.vm.name" value="Java HotSpot(TM) Client VM"/>
    <property name="file.encoding.pkg" value="sun.io"/>
    <property name="user.script" value=""/>
    <property name="user.country" value="US"/>
    <property name="sun.java.launcher" value="SUN_STANDARD"/>
    <property name="sun.os.patch.level" value=""/>
    <property name="java.vm.specification.name" value="Java Virtual Machine Specification"/>
    <property name="user.dir" value="C:\GFT\TestArq\MicroTest1\microarqtest"/>
    <property name="java.runtime.version" value="1.8.0_60-b27"/>
    <property name="java.awt.graphicsenv" value="sun.awt.Win32GraphicsEnvironment"/>
    <property name="java.endorsed.dirs" value="C:\Eclipse Sabadell\eclipse\jdk1.8.0_60\jre\lib\endorsed"/>
    <property name="os.arch" value="x86"/>
    <property name="java.io.tmpdir" value="C:\Users\ocmg\AppData\Local\Temp\"/>
    <property name="line.separator" value="&#10;"/>
    <property name="java.vm.specification.vendor" value="Oracle Corporation"/>
    <property name="user.variant" value=""/>
    <property name="os.name" value="Windows 10"/>
    <property name="classworlds.conf" value="C:\GFT\TestArq\MicroTest1\.metadata\.plugins\org.eclipse.m2e.launching\launches\m2conf4918624607724390833.tmp"/>
    <property name="sun.jnu.encoding" value="Cp1252"/>
    <property name="java.library.path" value="C:\Eclipse Sabadell\eclipse\jdk1.8.0_60\bin;C:\WINDOWS\Sun\Java\bin;C:\WINDOWS\system32;C:\WINDOWS;C:\Program Files\Docker\Docker\Resources\bin;C:\Program Files (x86)\Common Files\Oracle\Java\javapath;C:\WINDOWS\system32;C:\WINDOWS;C:\WINDOWS\System32\Wbem;C:\WINDOWS\System32\WindowsPowerShell\v1.0\;C:\WINDOWS\CCM;C:\WINDOWS\CCM;C:\WINDOWS\CCM;C:\WINDOWS\CCM;C:\WINDOWS\CCM;C:\Program Files\nodejs\;C:\Program Files\PuTTY\;C:\Program Files\Git\cmd;C:\Users\ocmg\AppData\Local\Microsoft\WindowsApps;C:\Users\ocmg\AppData\Roaming\npm;C:\Program Files\Java\jdk1.8.0_172\bin;C:\Maven\apache-maven-3.5.3\bin;C:\adb;C:\Users\ocmg\AppData\Local\Microsoft\WindowsApps;C:\Users\ocmg\AppData\Roaming\npm;C:\Program Files\Java\jdk1.8.0_172\bin;C:\Maven\apache-maven-3.5.3\bin;;."/>
    <property name="java.specification.name" value="Java Platform API Specification"/>
    <property name="java.class.version" value="52.0"/>
    <property name="sun.management.compiler" value="HotSpot Client Compiler"/>
    <property name="os.version" value="10.0"/>
    <property name="user.home" value="C:\Users\ocmg"/>
    <property name="user.timezone" value="America/Mexico_City"/>
    <property name="java.awt.printerjob" value="sun.awt.windows.WPrinterJob"/>
    <property name="java.specification.version" value="1.8"/>
    <property name="file.encoding" value="Cp1252"/>
    <property name="user.name" value="ocmg"/>
    <property name="java.class.path" value="C:\Maven\apache-maven-3.5.3\boot\plexus-classworlds-2.5.2.jar"/>
    <property name="java.vm.specification.version" value="1.8"/>
    <property name="sun.arch.data.model" value="32"/>
    <property name="java.home" value="C:\Eclipse Sabadell\eclipse\jdk1.8.0_60\jre"/>
    <property name="sun.java.command" value="org.codehaus.plexus.classworlds.launcher.Launcher -B -s C:\Maven\apache-maven-3.5.3\conf\settings.xml install"/>
    <property name="java.specification.vendor" value="Oracle Corporation"/>
    <property name="user.language" value="en"/>
    <property name="user.language.format" value="es"/>
    <property name="awt.toolkit" value="sun.awt.windows.WToolkit"/>
    <property name="java.vm.info" value="mixed mode"/>
    <property name="java.version" value="1.8.0_60"/>
    <property name="java.ext.dirs" value="C:\Eclipse Sabadell\eclipse\jdk1.8.0_60\jre\lib\ext;C:\WINDOWS\Sun\Java\lib\ext"/>
    <property name="sun.boot.class.path" value="C:\Eclipse Sabadell\eclipse\jdk1.8.0_60\jre\lib\resources.jar;C:\Eclipse Sabadell\eclipse\jdk1.8.0_60\jre\lib\rt.jar;C:\Eclipse Sabadell\eclipse\jdk1.8.0_60\jre\lib\sunrsasign.jar;C:\Eclipse Sabadell\eclipse\jdk1.8.0_60\jre\lib\jsse.jar;C:\Eclipse Sabadell\eclipse\jdk1.8.0_60\jre\lib\jce.jar;C:\Eclipse Sabadell\eclipse\jdk1.8.0_60\jre\lib\charsets.jar;C:\Eclipse Sabadell\eclipse\jdk1.8.0_60\jre\lib\jfr.jar;C:\Eclipse Sabadell\eclipse\jdk1.8.0_60\jre\classes"/>
    <property name="java.vendor" value="Oracle Corporation"/>
    <property name="maven.home" value="C:\Maven\apache-maven-3.5.3"/>
    <property name="file.separator" value="\"/>
    <property name="java.vendor.url.bug" value="http://bugreport.sun.com/bugreport/"/>
    <property name="sun.cpu.endian" value="little"/>
    <property name="sun.io.unicode.encoding" value="UnicodeLittle"/>
    <property name="sun.desktop" value="windows"/>
    <property name="sun.cpu.isalist" value="pentium_pro+mmx pentium_pro pentium+mmx pentium i486 i386 i86"/>
  </properties>
  <testcase name="operation1Mock on operation1Mock(com.bs.proteo.microservices.mx.microarqtest.MicroArqTestControllerTest)" classname="com.bs.proteo.microservices.mx.microarqtest.MicroArqTestControllerTest" time="1.116"/>
</testsuite>