<?xml version="1.0" encoding="UTF-8"?>
<!-- Generated by org.testng.reporters.JUnitReportReporter -->
<testsuite hostname="NBMEX183" name="com.bs.proteo.microservices.mx.microarqtest.MicroArqTestControllerTest" tests="1" failures="0" timestamp="25 Jul 2018 21:03:52 GMT" time="1.121" errors="0">
  <testcase name="operation1Mock" time="1.121" classname="com.bs.proteo.microservices.mx.microarqtest.MicroArqTestControllerTest"/>
</testsuite> <!-- com.bs.proteo.microservices.mx.microarqtest.MicroArqTestControllerTest -->
